Total time on crypto_genkeypair() is [0.000470] ms
eJoBAgAA//+4yjqOObOA3wZyUoAt01KALdN/////

x4Z6C9/uY6Fg0qOO3jpl6Qzwzn2O/0kTIFqo1zRb4JDTC8UoDSGybRw2/78380Tg
k18FfbGavwKNf3OH3ozQCrU2qJqfu7Oj5Epg9zcJ/OsfDYFUs/Plm3CN90rn7KrP
rme+kDqvQLX6FxV8dcO57pMe/3nuVmzf50ptLxqUeWA=

Total time on crypto_genkeypair() is [0.001025] ms
eJoBAgAA//+4yjqOObOA3wZyUoAt01KALdN/////

YPkJCCJQIJa8qUUgbsdcBgbORJzLGvc5sLF1Y/OuayNg9N/Z0wzSMzPR8MGaUl0I
765qIlHgAAH+jMBzKQO6DK7sqQN73qNDwSDEnvBGWSa5uceylnX1hghNAFxL8dZ5
aSVnTTPfsevQxmwttl3zY2Id0ivrtRX1PkOkB7L5Atg=

Total time on crypto_genkeypair() is [0.000833] ms
eJoBAgAA//+4yjqOObOA3wZyUoAt01KALdN/////

YTiXk/ZIwJtE1TbFBIMucGNN82kvEuwSxGYCCw8iBpTg/amofvOyNbwwTHlyhKpB
rnfd58VL2+Le4UgJsxBoCcr5vdkUIbOTMEC+z/A8ti/UTX7C8PAi0TpTyGI+DUSy
GAbZ8n/2Aqvy6hCogxkmRFufKi06NabMiJkDwzYjnng=

Total time on crypto_genkeypair() is [0.001010] ms
eJoBAgAA//+4yjqOObOA3wZyUoAt01KALdN/////

ONfxvAtc1esJsXwQi01nlDqix3M/AbVjM404J3jMn0G/wH2fNFEsE+EC8H8URI67
/vfuWl1KVoQbVmBx++gMlOr4uL9wNv6EguHTGUp19Hxo+PWKovZjYU0fUWZI4P/e
wobwes/Frm9X5SGO9OltKc9BZDqgn+uQM2i1R07zZ3w=

Total time on crypto_genkeypair() is [0.001003] ms
eJoBAgAA//+4yjqOObOA3wZyUoAt01KALdN/////

RJJQ14+Cmc9dbiXoThNnRDQ4R1zHkb8b+g4wPZZgHFDAyV+YJbLh1SzharLpbwvE
XIRMy4e3XgILaa2Oynzqya2POWNyD3RUlGpzXJv2rta2tdZ6RMPyVf0+zR58SBco
5+Vs1QxMMFEnIT7s98saytZgi8SUlQC6RpCcl6INgWA=

Total time on crypto_genkeypair() is [0.001008] ms
eJoBAgAA//+4yjqOObOA3wZyUoAt01KALdN/////

ta9FHlkD2ivJDPcgP0uyAoIeatiTH1QPFqaP+gV+Izs73CwnHXuWRgvFDR9n8hG+
k9NDRiQ3drXwjXLG15kdidG7qzu8uZNB27LygwMajGBLyn2MtYayOGXbogObr4IM
3fMBOmb3oJf2RYZz9PTR4iAzwYH/yh/ikLBfNspiH0o=

Total time on crypto_genkeypair() is [0.001011] ms
eJoBAgAA//+4yjqOObOA3wZyUoAt01KALdN/////

QZfTlJm15IlMUYbbQRquUL5f6ZmaudvW640ljo0zpmmhn3tdt/bSEfcyRDv/GcZA
dptGj+uxHxV+FAja+szWzqrZl/ihe8OCZkl+46TUAKQz6NjkacPVz9Dc/2cfUZna
GXe7mrC4nRpFb5y0ySOJJqbdVrS+1tTaKWHj47c+vf8=

Total time on crypto_genkeypair() is [0.000995] ms
eJoBAgAA//+4yjqOObOA3wZyUoAt01KALdN/////

ZT/6bn3Uju/ekk/ip3YXftGyWQ5JepYYUzlZKSs0YUtL8RbgiwnaNPDHJ9cL490U
4YuF1aZup24hfi42b3eN8cbAbRRBqxtJp/ywTWWn0VJqs8wsNGlM8AQH3ykTFLI9
PdvEeYAKZZDjVHgyCC1lJmCntu9ztBVgxc1+EDNDbtA=

Total time on crypto_genkeypair() is [0.001008] ms
eJoBAgAA//+4yjqOObOA3wZyUoAt01KALdN/////

ps7hMkvV81F5exavWTkS93X6yxm4RuVqZjEpzQYoYt3ECAFBw5xBuZFcTq5B2KxK
qIjnb1Z+G88Sacd5BujQwLo9/7YsHBgx10+rkEyaRDUdfiJ3UucxUIpTKfUcm6KP
2F+XzYAeEBb6DLv4UNODbgwmP5yrXSybF6TybzGWuts=

Total time on crypto_genkeypair() is [0.001057] ms
eJoBAgAA//+4yjqOObOA3wZyUoAt01KALdN/////

Jw5znQBEvHMEr8bquo/+GiiXcOxCtKM5KSyIyz2IuLedfS4JVj/qANLN2AH1uS5M
dC8x4UIUy3IpIp++YHeOlFXlHtIpM6WjCl6BhiVxEs6Htd1zjWWkUtxdlX/INpPf
tWxOYmFvooDQCXNeXy//4slYJnTuyF4PZoKqzmgwCaw=

Total time on crypto_genkeypair() is [0.001021] ms
eJoBAgAA//+4yjqOObOA3wZyUoAt01KALdN/////

WoDscsJErV/RyxiDBqH1uD0JRkpKLBnntfh4uw0stgTiVpeSsLsQMFDlA4VZI/85
ObfrwDhYV3lrNkNSjkmTnmjgu8lKeRZQmdxcIjWz3zbpqU1nY9pklIfpWoPKbp/c
o/nwYNNMDo+CBbAuodifd7FFSPXJLUbpYreEdO6qUmQ=

Total time on crypto_genkeypair() is [0.001012] ms
eJoBAgAA//+4yjqOObOA3wZyUoAt01KALdN/////

aXo3TW0RmH6tlobkdqJ2v5bUWToYSTO3FdiQQ+uHubXTNgfivnxkoSArQw3RlcTM
CdFjUBwfGkCZbvqxZ5gb6d4JVMXzGIELdOPu6N9HZrb6QZm9VVDnG7YGlYJvzvYc
Kt//y7vOqwX01DHScHTA8lrGBELrSxYlVg5sNvp/49s=

Total time on crypto_genkeypair() is [0.001016] ms
eJoBAgAA//+4yjqOObOA3wZyUoAt01KALdN/////

WK4rQvuqWBd+8i5Mkbz0LjaRGJTmDTcXic7oi6Jubf5v+vnmDGqYXjEwSzlZv5oB
8Ezgb5SRya0JYjYIFmv2h9yhAIofg4NZqivoLvzoJUYAAnw272hHcClOp5RKd1aa
ZHoFxZ3BJ56B+LUY48+aFODyq9h0nElKO9RbnUbYUIE=

Total time on crypto_genkeypair() is [0.000987] ms
eJoBAgAA//+4yjqOObOA3wZyUoAt01KALdN/////

jH0bbE6kB4BBZY+YyoEBfW+xMYRJ0Oex2JLDUil1RrgzhEqeANPRJeSFOOX/tgq9
WPuMr2ouG65gBAn5Dq5ACarMAuqu7/X7nkdG6gu8ixw2Z0NMmPHA/7LV/eAkHy9S
Er2eWMCmTRebgyt8Bxi6eEjTK8r/2IMt2Aj667VY46U=

Total time on crypto_genkeypair() is [0.000999] ms
eJoBAgAA//+4yjqOObOA3wZyUoAt01KALdN/////

ddcky4IRJXVqY6345WpjUN/RQWzxgHXDirUtOxR4QFAZ6WZ7v92rQGKK8mhc9Lka
ukCO6guY+sQV8JZBIbwl8dtixa/IlZIPp/DMp/hlyVuc+kDLRVNRutVSED312FlU
HlrYs7ImyCCGIukXPGST1EpV9NqxMfgO9cNso4Tl/D8=

Total time on crypto_genkeypair() is [0.000990] ms
eJoBAgAA//+4yjqOObOA3wZyUoAt01KALdN/////

POjW57ML+vW2VnIQYdPj4Br6h33Crez8WIn/J82daNNTVvcffk/Mp3BFEuUhEf4J
H570Et7wyYE55oxtWry4Mvytd6AYZQiJHUEMYOXGQOy+/OSX88elRwB7f9YpYe6f
PInA76TOhdMG5NFFkXgK8kL1M5DfNapQ9DaMTkZ3Sr0=

Total time on crypto_genkeypair() is [0.000999] ms
eJoBAgAA//+4yjqOObOA3wZyUoAt01KALdN/////

TDJ6kzsgZ5R7ImHFR367K4Gg0jU/+50V98xYKuQWFUEfWRvBL+/sf9RloZeI34bU
TChacdBvuPJGdBi9bKTRKx6WLtfVfozZj45Z7h940OD6xUaIhi5eMB1vxhu0vBLu
tkSc9MJINGR5k/NlhBfMAih7bmQQll4C+e5enyiDJrw=

Total time on crypto_genkeypair() is [0.000988] ms
eJoBAgAA//+4yjqOObOA3wZyUoAt01KALdN/////

QKK/TUnlBCpLG1tciZgfQ3tbpPRgng4X/MpqgIglB/aH8S+6BKjwEjdZ2fAbpUrS
UQl/zu62E8jYs5+BLl2n3yErjc6n0/mLUdvX/yV13Gb39LvnRmSNkt670rjra/sV
V1W5M43+Pw5cbRr5S3Ld4rMxw3wwgQr5fxmX0HL4f0M=

Total time on crypto_genkeypair() is [0.001013] ms
eJoBAgAA//+4yjqOObOA3wZyUoAt01KALdN/////

Vp/ZqS8hTtYKi8DseSwL/8bkidnPVZMtXdTMXJ4TUprYwMxkhf8cGvpRC2MHuvFy
+HOnpW218Co/mjY0fn57psXOATWNVfg1bXto/h+3E2X4LzGtLdFnFoFV6BwSES1x
mdndg9IVx908zX1uNo5y3Wm0I8BLPdiYYqbdbw60G5E=

Total time on crypto_genkeypair() is [0.001009] ms
eJoBAgAA//+4yjqOObOA3wZyUoAt01KALdN/////

Wmlx9N0Hda0wHh/4kSTCyvPjWolaPsHh0RKLZfEkKf6z49ssAu7OJ8fXVBelrS+P
/DPeITwGDizi6OCzKV2q8E5QN29c/b4H2hErD27wLBIKTRhYA69342SmQTEHHVRR
JllODLq9n9d0Ql3+5895tKu78Kv3S/iz5O8iV3QtCPs=

Total time on crypto_genkeypair() is [0.001006] ms
eJoBAgAA//+4yjqOObOA3wZyUoAt01KALdN/////

Cl9gnsMmeuWjY1UzJAAxY6WnM0TA7M1I0Uwfo10fRqHt50xwHuYoOYA9TihTKTPO
IfNSrPTTDy5xHZgJX8eMiz4x+NozEPhPb4Xtc48GzEtYhssmcdqCEfVj5PEJXxFY
TYf1ugrGh/aGjgHD2jKjqvp6ZQbLg2r5iMz5MIJt9Fs=

Total time on crypto_genkeypair() is [0.001037] ms
eJoBAgAA//+4yjqOObOA3wZyUoAt01KALdN/////

rFrn8lCurPmw75Di3DlViskoa08n5krYOU0ASxN+tpL+M0i6G5R+J0XOTDoiu9fZ
olcma4On40ldJV8S2VIG9HCU+Ue9V5yksJOkOsXgruR4DWCz8BBsCvK/Yd07fE8B
Eg8IxOoo/iV/r8sH0j3hiIo0JYgP/T9q+5qrmSvcI/4=

Total time on crypto_genkeypair() is [0.001016] ms
eJoBAgAA//+4yjqOObOA3wZyUoAt01KALdN/////

0qWHCNYev1CHRSZU5ssaLplkFPWXLuhV43lws7EhQA4aSZwXS39wuTj70P1ZHngt
aDZqdb5t6uEl5RCItqNlIujgFzPHdNpZUQSkaKphrQsxkOuaXa1NhoOdA87agHqg
4E+gjHrhvUC36DenFkdbS896L/DpOFW1W1QR5Z20V6A=

Total time on crypto_genkeypair() is [0.001035] ms
eJoBAgAA//+4yjqOObOA3wZyUoAt01KALdN/////

U8OqVrE5WaSb9r3XSY+c9EXt2DTQztz8ztOgfZu2GkiLPQ2FfiTKgjTtrhkgKVlu
lXeoCIWpJWOLg1AaftZXrOKacervS6AxObquEdT51u48hdmiJ3J0vV+7xqFOugdk
vWbKSpva+LrzbXPIu1j79COHO6MXi3YAkFSm6o3j4to=

Total time on crypto_genkeypair() is [0.001005] ms
eJoBAgAA//+4yjqOObOA3wZyUoAt01KALdN/////

OnRZ0xs2eAWg4lUBGp95blvpTPE79pt3ee3Z8teOWzKjvG5WMyI9e4AYJEwx4sMB
iaMGkl760y3XBib28CvqdLxPNZVvGhl7ZHEllvsF/OjTH/xEFx9sq8puLPsWUxDp
Quad9lBSDYAoSULT+Sjlv2fncp2ahunH1YhOpqyyRbc=

Total time on crypto_genkeypair() is [0.001003] ms
eJoBAgAA//+4yjqOObOA3wZyUoAt01KALdN/////

LSs0l1yNkCHFkuRCTkRq23mJVMmid7CCBIDkVnIy4xSuExOq9tO/ctCGLU4z/BOu
EvOIp0Pl99fdQxxoKz4H2UcCPsbGWOhRYZstDvBQF6yDS8AL3RH8aD2naUHll3+c
V2ayIBrgtKDBmB0tpvokukWFf1JgJdYcemgU/lI2dA0=

Total time on crypto_genkeypair() is [0.001002] ms
eJoBAgAA//+4yjqOObOA3wZyUoAt01KALdN/////

QAfcADD/rWoXw4nuERVYdX2XrybGoLD5j1KOeb1Isy7anPRhy50CQK6V77MXhf30
NolEOHhEdSzF4KSKLlhAlWCSwt3myxNuKUmPfQIPN3LOZNdZ8Cg1PZrl7421NK6X
Vex5YpZIab6eif9uY6BYh17WMwkJRwYfFp7UVLkAVCM=

Total time on crypto_genkeypair() is [0.001004] ms
eJoBAgAA//+4yjqOObOA3wZyUoAt01KALdN/////

UkZkxXB8o5gIVWPeaIS9BC0+kZIGtqTH+Zc/DVuqLw0kMTz8M9Bg7hxVdGKehYpH
M08c0EPXLpWT2Hejf2TCsNX4NwTtEwMVdrlUvp0o31hkHOiplpQQvPtSQiwq5xMc
7JZk4Cj9Pohitjb5UqIBcx+0tFWwlPrg8Hy9FFemIG8=

Total time on crypto_genkeypair() is [0.001004] ms
eJoBAgAA//+4yjqOObOA3wZyUoAt01KALdN/////

QoUbr/OEz41x7ukNmXDvfN+i3f3Dkju2EovAjigGGMTHs5rRw+Rmcw/kUa6PQCj2
LkiAIuIXDkwtz87VsObjwVXJTNDBsrM7iC994CHAJpmmxZQ5ow6LojOVW3acTtoT
73v1Ytu925rHLRpH0CS19kHsno/+DaIMLhqtb5W2Im0=

Total time on crypto_genkeypair() is [0.001013] ms
eJoBAgAA//+4yjqOObOA3wZyUoAt01KALdN/////

R5nolOeJirxylv+naBTxdcqOXMBwqqEyBgs0uKDHK6s2lCWFaNiuh4K+BZ4PvNW+
PXW8oahYtiq8wMiFwi9yko2gb0jyo/KbAzAVJr4nU+yJJOyvrA0cbUGeaBx61IYr
CbVWWeHjvpxreSbEISUCdqwFYdciW9DHTW2XKMpBBSA=

Total time on crypto_genkeypair() is [0.001001] ms
eJoBAgAA//+4yjqOObOA3wZyUoAt01KALdN/////

ECE6x2MQHDsXNC7l6nmslrro/Z6yIMaOCi21F8H4TB+L+jDGa05XqUR06J1aVE7X
KGd1bc8LXFwcuSG3f74V9O8bpKiV7YcYj8Uj6lhLVpNJhEPFS68c7B5oLmldtq7B
GqLuM+bFeexEBf3vr21ItZ7YRl8ZHpNB5TlmBAK5T8E=

Total time on crypto_genkeypair() is [0.001019] ms
eJoBAgAA//+4yjqOObOA3wZyUoAt01KALdN/////

S2b1e7Yld8nGIHCMnMqeY/NNv+01BMKaCzR6xiIug7Y57dcX7Snfohs0KU4NqYY5
bufO7G2dUw8Y9wEdfpch3div2PmoGtSrM2Bix3XRjkc2kFK6haId2yBqOZqPUuoM
knHGnUoVooLcH1ZY6H/RAOc1y3iJDt2sKrViNIkJlLE=

Total time on crypto_genkeypair() is [0.001025] ms
eJoBAgAA//+4yjqOObOA3wZyUoAt01KALdN/////

STPI1f2wp5Vnbhz9RdNcqbhrXnen7O+iDd6EmO1x9T0JSzdmim2B/eVrRFfTBXHi
k5S7YIJlef88ZlD21+2OQFENvJQRQ9S2E7hwFr/I6rE2Dw1Txgu2xd2hA9OZAhTM
ol7CPq8YALQG3+UhGsyV2OZZWoTHIGYjNkh8jwNEdI0=

Total time on crypto_genkeypair() is [0.001014] ms
eJoBAgAA//+4yjqOObOA3wZyUoAt01KALdN/////

r8HRQB6uCrVHp5vT7YOBahxmMXAY2CrVKReNHbEukS75wBQyhb5FZj0Zoj7J68pC
Bk0VG2K6M3HoOLxuR/BFxMeAIF0J0chK6MPCThfYKUKphZjykgXphfEJUQGK3KaN
P+McH4NCuH8yFhUZbfZTYiO0VLAbjGOUUOz91kX+nwU=

Total time on crypto_genkeypair() is [0.001025] ms
eJoBAgAA//+4yjqOObOA3wZyUoAt01KALdN/////

dZ+NmRa80nWkx8vNZ17neCM89sd1QTa80nhY6HCOfOK3TTC9VqR1zl1dHXVRH+3V
bi1ZsP0PSalOH3X4UcZjzDwJCmMVjBK8g7/2yViqgP30cFkFvhhTIlPRlOVpvuKF
8b0RADyNZwTjPjcEmVBXnxdY4Zv+8fdG5w/YKl68Zis=

Total time on crypto_genkeypair() is [0.001025] ms
eJoBAgAA//+4yjqOObOA3wZyUoAt01KALdN/////

M5eSEXDO07RoXdbx19gBJj5cqLuOznB6CiYr+97yql1CJ/Pji8vATX4Rz8leGFiw
7BXFn9RP57Qq6SXoiSimaFDNfluKkNWon+oBMMKmcMBEQ3Ief6sP5k+YyJOGLQKf
1A7/YLw/6E9Xg1ZusLVo28rx3fiLGQtZbkxM8/Yx33U=

Total time on crypto_genkeypair() is [0.001012] ms
eJoBAgAA//+4yjqOObOA3wZyUoAt01KALdN/////

nl5ODMkToh5X6H3boxP+ZbD4bzki7kqMd03gOKbxKEyYlSRwcMH0JSS8iK7vX88J
Xl+CIh9dMvyqYmrsTcs/ukTQmge2r14NfPO41BbfzsiCmCrESlevgp7gXn4QRVEr
mJnHdUx+HI0geaSeDHuNLJnF791jNbjHtSm7ltsEPlk=

Total time on crypto_genkeypair() is [0.001017] ms
eJoBAgAA//+4yjqOObOA3wZyUoAt01KALdN/////

A/ElmkFAbrzQMnj1Rs0Q3b8O71/CNb77Dz7gJeGez7TGRmFh0a/AZGgBI+ZKAxEn
qXHgkjixg4ge6o0VZTaszkpRK2ogkbq0RaJik1eyhFnBkOrCf5TEvdfF7HkgppgM
qQeSIr8HiuVhTIQ9/AGRibqnPGksXnHkXnkzq1Musa8=

Total time on crypto_genkeypair() is [0.001001] ms
eJoBAgAA//+4yjqOObOA3wZyUoAt01KALdN/////

Q6hdmFvs4B0sqXI5uBWYaZclBXmhNO0Sd/c7N+lClgdzs+9xa+LqhnoXzUIQqf/2
Plz1fIJ5+ApQUgRn3cQ79gS6fqqbJV/H1rGTVGbvHTgpjaUtxBl8VvFZDfELlsvP
FlsRF8dQqa/CSTHTx1PV+2X75YsbDZ/Gxi5orAO5iSA=

Total time on crypto_genkeypair() is [0.001004] ms
eJoBAgAA//+4yjqOObOA3wZyUoAt01KALdN/////

h2zLMEhKISl3X6uslMfOqNRvqpnDZw3OqSQ1/2lNDE45cUjFx0qNrKfMPbzK2n0k
all8ROb7gjOYpXpWZsR0IzuHvtMWcXfqXalfe7IHHHuim2E7EaR+xXMK/I+Br0ur
YLqWJc/Q7mnHjJb3KaBvJpYHFietHUw668R3HCtmAUE=

Total time on crypto_genkeypair() is [0.001003] ms
eJoBAgAA//+4yjqOObOA3wZyUoAt01KALdN/////

fOE5/WKMxDKRWWfKrgTowkYPSQQ6nrvsJbfZqnB+/dpLmXogDvYtrZu+LO5Ofn90
KicSXfuRsB+ZE4mugx4sfm8X0IhGdLp2rk9/NX6pxsbqJvbbys45FOf/oZG7vRqX
GghhWTGeGvM+hmK8C157QCZD+FeEtj3dxycY6S2yKvE=

Total time on crypto_genkeypair() is [0.000998] ms
eJoBAgAA//+4yjqOObOA3wZyUoAt01KALdN/////

It8ix0xB2aEbklDojzQMHVf8xct3LAjsF+tDmSRHcLxvQU1GcpHd171CB0wEBMXL
gFN0YtnScXPSHFuh2nruA3gBwcnXDt3LODFnl0GGuy7kiGnb1QFxzwlnAONgu0a2
CUmzyuh9i0kijtgGerIa2QC7bIgxyJ9YZtLlf0tq4a8=

Total time on crypto_genkeypair() is [0.001006] ms
eJoBAgAA//+4yjqOObOA3wZyUoAt01KALdN/////

XrKktbryY87ha4n0C2G8mfqXJvNu6+N4GpR27GMs8bs7Pt41tQ+WY+lnMRSUPdwo
ZrFt/GXMdsuQ7h8CYqYyhKjW8bZNSHlNTheYtBI55KUg7UeXVME+iXAmiuRpFuhR
r7LVvJRnlMcO4qEJKiMeLgbROLzMOMK1KAYbyJoAWzY=

Total time on crypto_genkeypair() is [0.001001] ms
eJoBAgAA//+4yjqOObOA3wZyUoAt01KALdN/////

j/k28PKdt6bwjbiSv6xb9+R+07izAMNM6ovdH+Y3MANLgd8htACRkXKphOV2+cqZ
168Zj1F3Hwj4XU818X9SMHWDSabHC27CdSDX/Xxi9hEnmAMWbZD63idKq3UGmMaz
1yC3ANAHW8q6pMq7agVuQkVUMyIp53SPsNelEiPR1pg=

Total time on crypto_genkeypair() is [0.001013] ms
eJoBAgAA//+4yjqOObOA3wZyUoAt01KALdN/////

o5QZgzpmbn3jpvC4OGSJbG4kRkfnw/fsFW3v5pOV77fXErIkACldLNOx6uGQiK3P
1GeVzVRZVr4IVWpNxfhnlqSr7P2mErL/UfmyUszhwD07Y8YE7iAXlO8puw4OL8zc
fjAWB/ZWperaitf6hmUw/qafaLTetv/MhnBDoA28/hQ=

Total time on crypto_genkeypair() is [0.000997] ms
eJoBAgAA//+4yjqOObOA3wZyUoAt01KALdN/////

GEgOyghkSzPwGpvOJrlThHrk2p7j1nxdAsGL4lb4HBxjrLstfEKu2Wlmp5hP1UDp
gwkAxgX8ywsn7DC0MJpTY0RqdwAkhc3lz8Eq6qwOyN2721aPRydGX+qHebHj0r1D
HLywO0Ym7ukXb8EuX1pucPkvVwX0RTXaz5i2lOQu6x4=

Total time on crypto_genkeypair() is [0.001008] ms
eJoBAgAA//+4yjqOObOA3wZyUoAt01KALdN/////

SD28URwhdQ0xPNXTvC60RfsSxjo2zOiGvMkF0FcwU9QcBWWfeVqFe7uCdiYCiw0E
bKXKQJ+kDkeV5Akwsnh0Mu5hZ1MZweu0pRCqDq/849mgWN2aMxuBHIaHI7xz1pRA
YSAKNh0I/5ojaHYGOKrg/Bm0AjUMYj6nT93tlmD9uhY=

Total time on crypto_genkeypair() is [0.001044] ms
eJoBAgAA//+4yjqOObOA3wZyUoAt01KALdN/////

xdsRc8KLlumV/tn7U/TfQvMHQ3k8d04O4A8Gc6RPN2uCpNSRrMVuFsxBu9SkiCmw
dexsr/+fKVeHrDpWv2BDUNOf30v/zWitctH4l20qXuLWaQ+y5uWjUnEVYJeaa297
updTT2ZU78cjxx68hyuLoyfY9eU6L5lnytlFdSOJY50=

Total time on crypto_genkeypair() is [0.001019] ms
eJoBAgAA//+4yjqOObOA3wZyUoAt01KALdN/////

R5O7Ds64NRxTCmF4bgYlaJnxA0szSdMjuwjlL/FxxhTiWBZzt9xKArT19dUTsG9C
pe8Llgw/TTEc8cg4WcdbivCF2ESNod9YouxBv/7veprZUtKR5wzOJLsFLBqNE8DW
K+JEGfzM5/c8JFTFim5uoRttZuulCtkAtTvtpxJ+WG8=

Total time on crypto_genkeypair() is [0.001050] ms
eJoBAgAA//+4yjqOObOA3wZyUoAt01KALdN/////

FMQhODz+3v6covMBexYeTGaQP1y/jyZMdhYCLCkw/PkoMRa+Ya0e7YM5dvR18RqX
JQV7RY5w7cUxdfnAA7NTMZlJpUmIBVAMYtBMclRvkCik5FFhxTGns7rU+qS3Qg2U
1FgE3VXuCvSPjNMwwuIf52ZSiqzuOEW2vv/BRqVMbi0=

Total time on crypto_genkeypair() is [0.001045] ms
eJoBAgAA//+4yjqOObOA3wZyUoAt01KALdN/////

UQt4tlbXvaLvEticUUtrvcb3ta5snbNyjZ1X7nUOAHE9IBzCREQUyq/4K+m0Ihw5
lJnXE8U/pIwg2ehFbvvfp6WJfWN8rbqPw5tIsPqH6fhFU1QX0rumxcZjyYyCOB7S
4aFKZNvypLR7exDsd3i+eXnERTozQF8Zrh7bJbCHmEk=

Total time on crypto_genkeypair() is [0.001006] ms
eJoBAgAA//+4yjqOObOA3wZyUoAt01KALdN/////

nooFpB2eOFr+/LTVD5OHMDbe1KfrgP9FqUQoLB2GQy5rsMH3U1GLTkOwV8V5Q94t
56mOvc/KyaRlYvysUdNd3U1IqrvHXKNd+Tf+N9laBfXNWC3yTfmWOy0RFarvjYl7
/0WHLKD2OH+h3hGuWQn0FHoltWcqadAxWgMY1Zr/hrQ=

Total time on crypto_genkeypair() is [0.001014] ms
eJoBAgAA//+4yjqOObOA3wZyUoAt01KALdN/////

gCbX9jFR3cfqSJW/0R6SON4vOBllUnhTQQdJ61kIkn8LDkKiTRjIXCbC8k8WLV8z
0PO5KECvlM+POJmVttMy4aV/gDufqypGRoF08LZy726vpkNjeriJFW6v3fpyUXG8
Pkuiqiep8sRDVYOZryB6SgPM3Ij4Q5oe4cDQOn7vaTg=

Total time on crypto_genkeypair() is [0.000997] ms
eJoBAgAA//+4yjqOObOA3wZyUoAt01KALdN/////

GwrFVnDMBCjxpMZ4eY0IRpLhuB43dEljNL8HhhOgMOVUBrfoxbB7MLmU0aJORrYy
ykS6A9dHVLOoylBLjWinx/bsFWSCkg683Ozn5Doduk8MqCIB1EDkiKn5kSvZZxNg
q58izvFF6RJr9Ksl061KRwA6HtiW6EaqgUCyCEaw5Eg=

Total time on crypto_genkeypair() is [0.000988] ms
eJoBAgAA//+4yjqOObOA3wZyUoAt01KALdN/////

RKlUtlxJ2EIvMFrBISQBq/ccS+sEuzDdxnDNGO5gJXS4LIqpZt4RK6UEVT6py836
PumlvOXJOXsxox5lteCjHerf9VATWRvFeszzMSZl/1bI+zig1S8/DQwehG9woC9r
TXPMmATxC1idXCDjCV9a35XFy/05ypipukfbtucB3Xw=

Total time on crypto_genkeypair() is [0.001013] ms
eJoBAgAA//+4yjqOObOA3wZyUoAt01KALdN/////

qRXeXsVG4xkm6ZuhJY2PAjwqYeSF7OgwGN/91PBDo1H9Ta6D8mxqLaZoqE2fPB0y
3CxIyv6Zmay/JkmPCLDgH12nhspVU4RmWpIvngxX/2sJUQ6ZYD5POo8risfxfJX+
RkW2vmnwlOOuNlsptmk0eL5QU8AINOAscP4aPdFL5As=

Total time on crypto_genkeypair() is [0.001015] ms
eJoBAgAA//+4yjqOObOA3wZyUoAt01KALdN/////

BsO3SCw6LK8JUunxBEDoBVYr5ZAUVCr5K70v/ceHHSwL0zgXERiNtvtI34FJtm52
1sCIW+8qu4sUpfmqSIbpEx97l2TAtqYyF4v+dCPfYM772w4vMyZn/SI9GfT1nlQb
FizLjqWmLPm7rhIyHpTfHETOQ6Pdem0jds8dsrgbkSs=

Total time on crypto_genkeypair() is [0.001012] ms
eJoBAgAA//+4yjqOObOA3wZyUoAt01KALdN/////

fFytQfhZ4JYBqBZcEWrx8gb0j8uuAZGISGqpW4Gy/EEygShgVjGgcdxHGZbu0mBW
Z+EHkfXafpziSIuxc6/9GjLRil5QM6xsHd4oEt/6l5bMEFXnW6ntgK9jpJGe8yWC
2CLskPlbMlkSk87vLpKNJDwzrDHvEey7rMiRfMziOck=

Total time on crypto_genkeypair() is [0.000986] ms
eJoBAgAA//+4yjqOObOA3wZyUoAt01KALdN/////

SKwdc613wPSO4wAqLCsxcK+ewZ7vVOGlbDwmxbtX0xxgQrOlmbAaiNd9ZVmB6OST
mlzbXYDbO39s3eaKCa+3sZ1eTUwf9ESPcw1lx1jv0FXIcbJhL/IR+wFoVv0UcKmM
oGemw5N5jlup3LMmKuyap/OzHru0pqi6Is1Lbt+9FGY=

Total time on crypto_genkeypair() is [0.000992] ms
eJoBAgAA//+4yjqOObOA3wZyUoAt01KALdN/////

bgr/YSZG/HA5+n5GCbCX1Z6zqdtp+c8VoA1WRnI9wFhyeyWmR/6EJKudIXpxxqhS
ZCbMSoSDeiCAul/db/Dg2N93pYYHkzXLzpiGEy6tR02mwZ/ChPDZzy4dEdQshk4W
mkGd47gawNByuXnpZTurUPO3YEGM9ECifDMwKwXZhwM=

Total time on crypto_genkeypair() is [0.001005] ms
eJoBAgAA//+4yjqOObOA3wZyUoAt01KALdN/////

T40MEq/8HSCwwQ3BvdBX4GPIXZDvrLfbK5rUHStwsi3Mlh0kw8vwmZZaRAUvoqeY
KSDTZLaImwTSY5lXrSfTVcbfIRAGH1kP8pTAqh14wskQnKtsPiGfH599fJbdTjlF
bcdXBqH+g0Z5E7sJRIffzwcLlLotcxJp3QHAXPxvTeU=

Total time on crypto_genkeypair() is [0.001019] ms
eJoBAgAA//+4yjqOObOA3wZyUoAt01KALdN/////

lLBoIK8ozB8KT/Q7HEMxIA+5HzIKwBczkWeyPb6r77BAwReYZxJJSsrK4Ah/hs/M
Mbq91KUCHSdcYFN4DdSJcXCS8DSRYZbSObsoqB72SVBLP9euSx9OoyT2yLuRgpLL
2naU9iTOs/a1heOH1vNnjJKxJa5+TUlkjFxav3y6Hfk=

Total time on crypto_genkeypair() is [0.001061] ms
eJoBAgAA//+4yjqOObOA3wZyUoAt01KALdN/////

zQqAQc/6X7nLesms4QVEpTOuNU2gskcHx5d4irKrZEAp6DXULY21hQXoUArffJdF
UbfsBVVnEkB2s9A000fO7unen5RhcVe52fIJfa49EPKFCWrVyoEB3d2/furTzr/q
pPvVCuP32alCz9XcJ8JakOPhnjszgepuRpP2tdLrE7Y=

Total time on crypto_genkeypair() is [0.001067] ms
eJoBAgAA//+4yjqOObOA3wZyUoAt01KALdN/////

uWYb2vARZvgz/RHCmIAx/Ob97/8nKTOtma3MLJFgYBk1xM6s8GOdVY5YyX/74hq8
E2Va2vZmVx57UP/04kiaAljo8VRa6PjVJ76iPPd/ntfeom0qOAcNski6NHTqxbzi
Z90w1d+fvdhYcthO0A6rx+yAr0Ub47JoQ3oJVQ9V8kA=

Total time on crypto_genkeypair() is [0.001028] ms
eJoBAgAA//+4yjqOObOA3wZyUoAt01KALdN/////

rNaQUOjd9GU5/Iq/dNYS4YGdGJ+UBwaq1+6UhQVnSZhfvizBlCv9IWH9pHwXF+nP
DHHgf5YLEQ2AhDaZhQhViL9KZ7EnRuJwMho5PqbzQ24BS5G++pv1y5d1f+8bPEMh
LIgLWDAl1/x8sLyhkPrnLXC6dyUXE6CDz6iAxz4XyYQ=

Total time on crypto_genkeypair() is [0.000991] ms
eJoBAgAA//+4yjqOObOA3wZyUoAt01KALdN/////

puqgYILNqvtI+iz8iJ8hOoXjOh/1MDkeSkbNKtB4H8j6x5hJ3DKbWhUU1CyEjU++
e2tnV+hcKE0QBoFRvnv8rh9J5rDay6pew3NQhfV8QiZDmdMuv+fLQw7+4fok72jG
EjLL55yUJXTN5gKsvOK/m9xxVKgr3tjJx2kFB/+7feg=

Total time on crypto_genkeypair() is [0.001025] ms
eJoBAgAA//+4yjqOObOA3wZyUoAt01KALdN/////

cjuSBHrTzezezvyJODVrRXMdY8pF0gGElJN2ZbeQ8ibKGbbh6fTh89FCc9Acde6p
LC4d5ORkkPTog3V9AOj9YdXxoY2IXFh/ryTOEOZKuwM2seylGnA22XuU1Gww2kC2
GVwnYU4omFpk6HEtidVkmaQ0yKK5RDY12lWExtsdpgU=

Total time on crypto_genkeypair() is [0.001025] ms
eJoBAgAA//+4yjqOObOA3wZyUoAt01KALdN/////

mvcvwPb18IGBQB2Ac0RAGY7BdwbJnZOqJSZ26r6pJMPVMaoir0DCRx6MLgrNod0O
pKWQRHdeCDFxHma7pm5f8brOGXr4IC99fGaXczuEzBgkwIPM9AaO40fJrcwgsdcH
s1Wixz0nUAPxudSs0SAQHONVV4VI41AF7EUx4fQanlU=

Total time on crypto_genkeypair() is [0.001021] ms
eJoBAgAA//+4yjqOObOA3wZyUoAt01KALdN/////

KzfF4o4ayq/jkvIrrnQBkbgw42xQanWmGeaXLxq9G/zKoJbOKmUfT3M6Emamn1mR
RoCdX6707iN1kpzIpjDnrg+Ve4bOCxz5pm64o7pdZf9rzF7R7ZMj5jnfleKawR05
DjnxS0NWLodmnFfxot9YCeg2cnwKlVapQe0hGG+uYrk=

Total time on crypto_genkeypair() is [0.000937] ms
eJoBAgAA//+4yjqOObOA3wZyUoAt01KALdN/////

rZ33OrzS5C2WJ0Rf4wGikXrnGLf022RsXwx2szndsRIr9Ui31MJ7x+8YtsCnntFA
WSTEpQUZxcGNUsOaM4J/tDW/UHfnnMta0WbX7z9ZvELUXfoQ9fkI/VLT22VwYjNo
31okmpJW58BwF0GDwhw78Suw1I0vUxlvuFizEvukiIg=

Total time on crypto_genkeypair() is [0.001010] ms
eJoBAgAA//+4yjqOObOA3wZyUoAt01KALdN/////

MVSgNo55tAXatXNbi5LbntQcKWqhhkBAWqnK9dGBj3/slakf9GbeEXymC0LEACVJ
t0fMwR9YHJt0OkiLb6SIpYMx6wa3/6/YszKTD9qYeypItzdozh9j2xYixaKxs+qP
nXHZlkISbRaviOLtGjOUzaEyKyR9tc9eJBuBYTjnWo0=

Total time on crypto_genkeypair() is [0.000995] ms
eJoBAgAA//+4yjqOObOA3wZyUoAt01KALdN/////

Twc5FmKG245ytHoDwLyube4SESkRFLL4TQaFZfESqhPma+f9qGO3sX/Mdyhi3fYH
wFWRpHXPkgCUf9KNthPRyX7NXMcQJTODPdpDp/JITeHKwMzHF0+/IiRl56EeZi8j
vsO297+oAwdpYRptCvOdP/bHYDDu6cGlcN6H4PfjkHQ=

Total time on crypto_genkeypair() is [0.000991] ms
eJoBAgAA//+4yjqOObOA3wZyUoAt01KALdN/////

dKUttzAPfuF9yYhe5bKv3lJVyKjBC3O+QdGLQjgJSeaelARqa5BnlyvotAhqI927
doJtmtfUVMwg/4sRZCok78cXuWdR40LjWXlfG+de3JDinh8sXiSWYJV5kSAtzClP
T+pPipXcxt9N9BVRYFuKT4vV1m5vLUBNPhliin4JP1Q=

Total time on crypto_genkeypair() is [0.001033] ms
eJoBAgAA//+4yjqOObOA3wZyUoAt01KALdN/////

Bf2J7yLVDlKpTHB3waW8ZL3rMSPulmzAyL2t1nmvOI3djyUpJo9HwRbveIXwvpY6
xPuzNJd02IuDjG1LDeqwOCwlpjCbdcGHOQdn8ix+v7tQ0IYOhkk4lxaaCGLgExxD
3xnc11fe1AnbMCJAUuCEXz4rru1r8WXleR/68NMFMds=

Total time on crypto_genkeypair() is [0.001013] ms
eJoBAgAA//+4yjqOObOA3wZyUoAt01KALdN/////

ES7FFb5wx0CuU5meTQrleeIWVG0neQUBwDj0iD9u/rTGfdvbmtRyjGVD5GeHea1y
44gZ1Yv/vlnB4mg5oZD3DNHi+zGztUEi8FZ9ZUUP+oM+H8XhXbOmtXNz/CzTNa57
erpUvn+wUtgtkJzXxwmztgp3TtvXE/PVbmQ13X2c/4w=

Total time on crypto_genkeypair() is [0.001032] ms
eJoBAgAA//+4yjqOObOA3wZyUoAt01KALdN/////

mU4ml+aZa8QQoWiDKPJKIm3yLlayqjFPnM7zFZGRw9epu9qIBCxJGdzZZ317bzP1
6XKQ6HLWm0wpu44hk+TPerjVvd+PIQHeKVKUHeb+CD1pvztUb1lvR1YsyUwfq/5L
HXIR41OPSHvhXM1Fs8wlSj/jfh71fiD4bBzqt6YIiKk=

Total time on crypto_genkeypair() is [0.001010] ms
eJoBAgAA//+4yjqOObOA3wZyUoAt01KALdN/////

Hp+kNLDQWTaK8v2NtQb9x6aG7iDZhlW7VoPLbUQYe8PU59rGVNmZlnTxrBR9FRRo
dd8tGYlgvf6naLUWL02W+v5k/uehVb3A31Ogce361f5Iyv5WJa6RT238wLbGvfCt
Hv9hAuqBv0O0dYHGxXvMb/fKtkq9zWEGYPf+FcB2wrA=

Total time on crypto_genkeypair() is [0.001029] ms
eJoBAgAA//+4yjqOObOA3wZyUoAt01KALdN/////

FFt7qtLdAOoUTLLV6zugG9ZK3JtfetTLkrM517SDW+sbt4DqIVYqRcS7ln2ucbye
YrijSpBaRzNQBFSaQOAN/7Ow5KPeIWYZ/tRBwRf+mSR91odTZrDexut+t1q4HtK6
gRLOGs7e5m1EULcYIwS87OFy1hEvKPoOCjH/3nm3xOw=

Total time on crypto_genkeypair() is [0.001011] ms
eJoBAgAA//+4yjqOObOA3wZyUoAt01KALdN/////

Tm3DBa9n6ZlLH/OJd+DhqfEnw0zdioJR9OmCl2INr/vnpfaxoH4Df1VeP3v9AUmS
1y2DXgxgNVna31PbFyWSFG2oKdUBRDbI3mmobeA9eA6y7aXaVIai846JdopBulNj
ZbKoXtaV6VbGx66Fz6d8g+VIRspdNdYD1/mnXrmp5ps=

Total time on crypto_genkeypair() is [0.001018] ms
eJoBAgAA//+4yjqOObOA3wZyUoAt01KALdN/////

oZ9+i7d983CE6wPPbQZoy4WzoYTsGcgIWo5xouNT1hvHMS9/0h24Py2y2me9Nq0B
Prd2yEprXFPAkWLH2gOd/Rchp+HedGOsb8XMlZkoKL06q5Mv1xQGkzmHAYO83TDf
3RjlH/y+Qt6Dz21fNLC1csvo5rpZJX+q8GRYreEum54=

Total time on crypto_genkeypair() is [0.000998] ms
eJoBAgAA//+4yjqOObOA3wZyUoAt01KALdN/////

pAxuXGMh166BHdbgkMVa8o6V/2Ra5S3sz11QX3f1M6I+KLRz+//6hZ6fUkS1C5GZ
q136m9+m7bS8V1yE7Qwo9lfy/P1x69ruPpBXfKOBRnxa+u4rqCdbac2U+ZQgOt42
Psz6sWUpQUOmwMcCCv5uRoT27g+pXctsD1jluExhHRY=

Total time on crypto_genkeypair() is [0.001047] ms
eJoBAgAA//+4yjqOObOA3wZyUoAt01KALdN/////

AA9BfXXufaf2B7/oBI8egoC2HiOFDQrIr9mG1+4WIHtJ1hmM7i3NzkfY3MhvMBvu
+hQFizjsfhRX9Y08Q339faIerERk6k8Bu8vbAv/QLZYBJjw3YOPs0yHGLrgd8hJy
7onTq6xrY3CCWBV6tU0Y/9v2aurWgwYxjF/l76so26Y=

Total time on crypto_genkeypair() is [0.000997] ms
eJoBAgAA//+4yjqOObOA3wZyUoAt01KALdN/////

SCMDTRcI6zJriGCOVvKK4K3UYbh8xC0zkuQ8wMhJ0pAOIQwx0JvsyQvbStkB1/sN
HIxzWOoC3JulL2PaNFBMwBxxduNiaaZvNPe1V582GmYJMerxIpWeR1ycMjJHzHpv
xpn9dxDPDl4JcnV4RkHd8ODGuYg2MdB+P4gJ7pr/4ic=

Total time on crypto_genkeypair() is [0.001003] ms
eJoBAgAA//+4yjqOObOA3wZyUoAt01KALdN/////

Aja5KCr5sM3gULV3255FW4cQMbi2hW1kNxyXfa+WD91oL4jLq+tPH4Bh1QFjlyl5
aC8MTw2EuxefKh6HBEI0p87sL1BNtxFAWKB/glwrbXRi4cshLqTBR/rjGgQzkLR8
6BgfQJ9ZmfkEaqNgX+rlphmWOGdSK9XJTwvbeMku7yk=

Total time on crypto_genkeypair() is [0.001050] ms
eJoBAgAA//+4yjqOObOA3wZyUoAt01KALdN/////

Vy5k5OXm5NY0QjsCF1pxr0cR7Ya6tH8NViNER2dK9mIZpDADrsDB+4XaJh3egDgZ
quUI1yWdqKzZp0sytwGxWDJuBPw3AJ30D6uXNEijLJJYinxjufItQLBpPnwnJ1+f
LmT4EwXiy3K7fsfOMJ+lPR4td2U1dOb6S2EkNrGkAKY=

Total time on crypto_genkeypair() is [0.001027] ms
eJoBAgAA//+4yjqOObOA3wZyUoAt01KALdN/////

FPsOlb8UTO2FhFniDRr/uiHdXUoXc1SWVUK69U6+iHOKI22ld5XSOKcLc/4gw8eb
RfEfJSnECdEx0GCX7J91stu7TR7QBwvKg8VISoq+qqJ6eD44x0AKwFby3OKias04
vzLh42LaIdsND/MEHZ2k7uQChlfc69OuG+b1PC3cZyk=

Total time on crypto_genkeypair() is [0.001009] ms
eJoBAgAA//+4yjqOObOA3wZyUoAt01KALdN/////

B++S6UvcSoSFlUaFHr8zQCdcJSv1bXa9K37Nge9cdjSX5h9zfyznhmvWckjDp19x
5qLuIXocq9DRWvO9Zof0OLNXs7EvpnlhnoPlOo5mD/5jrENJeS2jcQxoG4IvXIWh
IJ0oqR9yf0iV3fBjv3d/2KNYOvcnh+Ms6Y84Yxw37rw=

Total time on crypto_genkeypair() is [0.001040] ms
eJoBAgAA//+4yjqOObOA3wZyUoAt01KALdN/////

KHAJrYSZzNy1mfMiUEmyLIqTwmWnHnUfhnVGRW5ICNS9hV0eNNSojx1+gAjxe6cx
gBtouUOgLKzfwel7tE9iInHaVWCmRhFRwJUPg5ft8lWIp9t7sFxfuZEmjsk+ebQH
a8QZzSr1oVN7bWHxh6BnM//2kyrFFJQE/MVlsFjjodA=

Total time on crypto_genkeypair() is [0.001068] ms
eJoBAgAA//+4yjqOObOA3wZyUoAt01KALdN/////

C1IZFVAMZOrVosemMrWNM6OV8sFbpOyTdtXmRwydA0d8+tLP7K7kzIRzcgfwiJtW
c8haFM3B+n1cUz86TKgoRMeAWBF8xt3lI36zD+dZZsSiSNuR813HzLs+OtI95cTg
S0Ju+1CgkoAtJAaM+vb5Lj4kqOdaEIMZ5CLn0FFaCIo=

Total time on crypto_genkeypair() is [0.001039] ms
eJoBAgAA//+4yjqOObOA3wZyUoAt01KALdN/////

ZqPDFol98eAIE0oYw+g+NFCvaIVRZzYpf/QgtIiJdPUZLlc1JFLJKnX5IKcefJk8
x+m1vx+9i/nB5LCVU7Ialzte39Jr/8BhEwmXX69w/v+f9JAdsVnNWfmX3Z/B8Lm1
4CRC1UkpPqDBs06Ry61RKKT1sFWUZ8meIL0fZId/G1s=

Total time on crypto_genkeypair() is [0.001000] ms
eJoBAgAA//+4yjqOObOA3wZyUoAt01KALdN/////

v8llnWLaMTomRxFSejMG0c3O+b+JLOXAygr5SSq9dpHbTJUSEwo+lYykwOgziTsc
iVnPyeL21OZr+gcsIzLHzIEG9nsgWe3eW3+mGAwiDkbaY9aTcE3YWIbFAvSEoIo2
yFRV0oDOMYehjqAURb3m7FOGr0VVHqDQ48n9+QbGAcQ=

Total time on crypto_genkeypair() is [0.000995] ms
eJoBAgAA//+4yjqOObOA3wZyUoAt01KALdN/////

AQS997CQpm0yFzkaRRWDfOspzdRSvre9VZm6cQ8TKC5p00H6mIdPzPjU6NMQGLeG
B/ldCKXLjiq+4YU1q0fn478Al7mRwwplflipyHKAxrVO6M3Nm/Xt4Oco3vnYj2NE
8DcMdXax4le2lXA9VP7BYtB3PAb0d8tUJV25TUbUhV4=

Total time on crypto_genkeypair() is [0.001018] ms
eJoBAgAA//+4yjqOObOA3wZyUoAt01KALdN/////

TTVqhda8nNaI0whKxSdoX9It/OOOkBDGLE05dOcFThwlCQOZY0wHMedEVQpCBT4z
UIjpiXPuhRhUN9pIFg+aSPXSLnY/f46EnEE4sXpNb/D5MjqR4dlcHAnwt95mAUXr
0rHgO3IkP8eOuFUxAhccJhGfTsSw42nIl1RGY60tcfI=

Total time on crypto_genkeypair() is [0.001006] ms
eJoBAgAA//+4yjqOObOA3wZyUoAt01KALdN/////

74LcW8LjFAnv/B92QjOoqZSf3pZr2+GX6qrryuNoRIpOYTfyPkzV+H19QFrVpw+y
jGlZRVx7a/LwZl3ooYGClAmYE8un04vY/3Ie07qgm1RKR50Kt/0GEjF5Gk8cb+Km
VGZ9TKvpuvT2g8yDc2DLE9nASA3yB0YM+Tl5L5u5h7g=

Total time on crypto_genkeypair() is [0.001027] ms
eJoBAgAA//+4yjqOObOA3wZyUoAt01KALdN/////

kb5fpFq5BN1K73AeUw3E9ZsGijBLTdwEWB05MadPNHZ2/ref+iitWkQ8B5l2+ZX/
LrplUZ3D42yl72Vf1KF6+Jp4MXOEzbUxuLgHPQjv3L5tsvzNr29QNs43lAVJGtlY
mucPkUOUd4GoJ71STRHsrc9KTAxzOX2sRnUgng4+MeA=

Total time on crypto_genkeypair() is [0.001022] ms
eJoBAgAA//+4yjqOObOA3wZyUoAt01KALdN/////

A3bmPRRFnTg2u99TAWtwTb2vnqWQDPnLmkngyQGlorfe21HSsgDodVN0XwZv4g+w
/Z3da9XVjxxNd894GH3lCqfg3NGNwe6+mFqf/rjCWGimQYLGI/rfZrlRazQTCoQY
yCXi8cd6H4fzEChei1gV8rYPhFf0FwfAuT+BDET+Hs0=

Total time on crypto_genkeypair() is [0.000996] ms
eJoBAgAA//+4yjqOObOA3wZyUoAt01KALdN/////

R8QaWa7OSolodxdId4qEs1UhNM3OiuR4OqwbWVsxfxQmdgnrhLKNdiZgQlqfVGAt
Ql6nLWfUg4tQMXs0yax+vC5khydE/1Q5EODuLc1zi/QiW5uEnYyLZ3T7j6lvVSwg
Sc38/WdVTQn2iVHkNTH1TLHr7NUDK0wnBkpjiYkM6Js=

Total time on crypto_genkeypair() is [0.001030] ms
eJoBAgAA//+4yjqOObOA3wZyUoAt01KALdN/////

Fn4fVQAsxx4Kktz8cXojnEOO/x4AmNOio6V78Fgt8kCFjX7J2/ZpfdnvB0DmiOq+
krNIwzphzAvEXFYqFBspqoZQM9FryLOT5tGuYjRyYQRdSCxzToGHKyemJ2IgmTO/
TKX7Fw31+zmKSJ70f1jrJ+/WkLpDDI/pM4t1Pt3Ewzo=

Total time on crypto_genkeypair() is [0.001031] ms
eJoBAgAA//+4yjqOObOA3wZyUoAt1FKALdR/////

bQvh1RJtD+PlhW6WI3B3A7fREmn1Q9W8eor+bNUVtdR+nz1G0KaEzcLjPcFvJXtn
jSbGwKFzDpt9hODhCrQQoQ+yHEJgn+z/LmDs4wF3I4P0bFzfvoU+luIPWK4FV14i
QFO8SNC1aEjJHDPjbNlzGH8HPVxfT4USLBk9iTbZKF8=

Total time on crypto_genkeypair() is [0.001018] ms
eJoBAgAA//+4yjqOObOA3wZyUoAt1FKALdR/////

JCA3rQjeI8CJsCuzzpzZmMk8fWhMJ+9KunVQu2/qqzU59Mj5hovGVeC+UpolttgN
l+9B0/AxwRZhgLXqV4s9IRZdfk12bUX+cjxVYQsYD8N74HG8amRue9WEoRO6ynz9
MLZS2uVry/O+f6iW+ug4tJdgjzG6nd/QspuGO9wR8tg=

